<?xml version="1.0" encoding="UTF-8"?>
<!-- Generated by org.testng.reporters.JUnitReportReporter -->
<testsuite skipped="0" hostname="Shashi-Kumar" name="basics.Tes_NG_Demo" tests="1" failures="0" timestamp="2019-12-26T22:32:33 IST" time="0.017" errors="0">
  <testcase name="demo" time="0.017" classname="basics.Tes_NG_Demo"/>
</testsuite> <!-- basics.Tes_NG_Demo -->
