<?xml version="1.0" encoding="UTF-8"?>
<!-- Generated by org.testng.reporters.JUnitReportReporter -->
<testsuite skipped="0" hostname="Shashi-Kumar" name="basics.Tes_NG" tests="3" failures="0" timestamp="2019-12-27T14:30:35 IST" time="0.016" errors="0">
  <testcase name="Demo" time="0.016" classname="basics.Tes_NG"/>
  <testcase name="Demo" time="0.000" classname="basics.Tes_NG"/>
  <testcase name="Demo" time="0.000" classname="basics.Tes_NG"/>
</testsuite> <!-- basics.Tes_NG -->
