<?xml version="1.0" encoding="UTF-8"?>
<!-- Generated by org.testng.reporters.JUnitReportReporter -->
<testsuite skipped="0" hostname="Shashi-Kumar" name="basics.Test_DemoB" tests="2" failures="0" timestamp="2019-12-27T13:19:33 IST" time="0.015" errors="0">
  <testcase name="TestB" time="0.010" classname="basics.Test_DemoB"/>
  <testcase name="TestC" time="0.005" classname="basics.Test_DemoB"/>
</testsuite> <!-- basics.Test_DemoB -->
