<?xml version="1.0" encoding="UTF-8"?>
<!-- Generated by org.testng.reporters.JUnitReportReporter -->
<testsuite skipped="0" hostname="Shashi-Kumar" name="basics.Tst_Grp_DemoA" tests="1" failures="0" timestamp="2019-12-28T12:33:50 IST" time="0.017" errors="0">
  <testcase name="deleteUser" time="0.017" classname="basics.Tst_Grp_DemoA"/>
</testsuite> <!-- basics.Tst_Grp_DemoA -->
