<?xml version="1.0" encoding="UTF-8"?>
<!-- Generated by org.testng.reporters.JUnitReportReporter -->
<testsuite skipped="0" hostname="Shashi-Kumar" name="basics.Test_DemoA" tests="1" failures="0" timestamp="2019-12-27T13:19:33 IST" time="0.008" errors="0">
  <testcase name="TestA" time="0.008" classname="basics.Test_DemoA"/>
</testsuite> <!-- basics.Test_DemoA -->
