<?xml version="1.0" encoding="UTF-8"?>
<!-- Generated by org.testng.reporters.JUnitReportReporter -->
<testsuite skipped="0" hostname="Shashi-Kumar" name="basics.DemoC" tests="2" failures="0" timestamp="2019-12-28T12:20:04 IST" time="0.015" errors="0">
  <testcase name="CreateUser" time="0.012" classname="basics.DemoC"/>
  <testcase name="CreateUser" time="0.003" classname="basics.DemoC"/>
</testsuite> <!-- basics.DemoC -->
