<?xml version="1.0" encoding="UTF-8"?>
<!-- Generated by org.testng.reporters.JUnitReportReporter -->
<testsuite skipped="0" hostname="Shashi-Kumar" name="basics.Tst_Grp_DemoB" tests="1" failures="0" timestamp="2019-12-28T12:33:50 IST" time="0.003" errors="0">
  <testcase name="deleteTask" time="0.003" classname="basics.Tst_Grp_DemoB"/>
</testsuite> <!-- basics.Tst_Grp_DemoB -->
